{"level":"info","message":{"action":"reports/generate_pdf","details":{"reportId":"689854624ee2705fdfd15e55"},"ip":"::1","method":"GET","userId":"6894ecc014c960493ebd55e1"},"timestamp":"2025-09-07 18:28:05"}
{"level":"info","message":{"action":"reports/view","details":{"reportId":"689854624ee2705fdfd15e55","title":"jdnsji"},"ip":"::1","method":"GET"},"timestamp":"2025-09-07 18:40:00"}
{"level":"info","message":{"action":"reports/view","details":{"reportId":"689854624ee2705fdfd15e55","title":"jdnsji"},"ip":"::1","method":"GET"},"timestamp":"2025-09-07 18:42:11"}
{"level":"info","message":{"action":"reports/view_list","details":{"count":4},"ip":"::1","method":"GET"},"timestamp":"2025-09-07 18:42:30"}
{"level":"info","message":{"action":"reports/view","details":{"reportId":"689854624ee2705fdfd15e55","title":"jdnsji"},"ip":"::1","method":"GET"},"timestamp":"2025-09-07 18:42:32"}
{"level":"info","message":{"action":"reports/view_list","details":{"count":4},"ip":"::1","method":"GET"},"timestamp":"2025-09-07 18:42:35"}
{"level":"info","message":{"action":"auth/login_success","details":{"role":"mother","username":"shalini"},"ip":"::1","method":"POST","userId":null},"timestamp":"2025-09-07 19:16:06"}
{"level":"info","message":{"action":"bill/list","details":{"count":3},"ip":"::1","method":"GET"},"timestamp":"2025-09-07 19:17:25"}
{"level":"info","message":{"action":"bill/view","details":{"billId":"68bbf8b979457b7f0058f0a9","totalAmount":42000},"ip":"::1","method":"GET"},"timestamp":"2025-09-07 19:17:31"}
{"level":"info","message":{"action":"bill/list","details":{"count":3},"ip":"::1","method":"GET"},"timestamp":"2025-09-07 19:18:07"}
{"level":"info","message":{"action":"bill/view","details":{"billId":"68bbf8b979457b7f0058f0a9","totalAmount":42000},"ip":"::1","method":"GET"},"timestamp":"2025-09-07 19:18:13"}
{"level":"info","message":{"action":"bill/list","details":{"count":3},"ip":"::1","method":"GET"},"timestamp":"2025-09-07 19:19:03"}
{"level":"info","message":{"action":"bill/list","details":{"count":3},"ip":"::1","method":"GET"},"timestamp":"2025-09-07 19:21:08"}
{"level":"info","message":{"action":"bill/list","details":{"count":3},"ip":"::1","method":"GET"},"timestamp":"2025-09-07 19:21:10"}
{"level":"info","message":{"action":"bill/list","details":{"count":3},"ip":"::1","method":"GET"},"timestamp":"2025-09-07 19:21:21"}
{"level":"info","message":{"action":"bill/delete","details":{"billId":"68bbf8b979457b7f0058f0ab"},"ip":"::1","method":"DELETE"},"timestamp":"2025-09-07 19:21:27"}
{"level":"info","message":{"action":"bill/list","details":{"count":2},"ip":"::1","method":"GET"},"timestamp":"2025-09-07 19:21:54"}
{"level":"info","message":{"action":"bill/list","details":{"count":2},"ip":"::1","method":"GET"},"timestamp":"2025-09-07 19:22:30"}
{"level":"info","message":{"action":"bill/list","details":{"count":2},"ip":"::1","method":"GET"},"timestamp":"2025-09-07 19:24:16"}
{"level":"info","message":{"action":"bill/list","details":{"count":2},"ip":"::1","method":"GET"},"timestamp":"2025-09-07 19:26:22"}
{"level":"info","message":{"action":"bill/delete","details":{"billId":"68bbf8b979457b7f0058f0aa"},"ip":"::1","method":"DELETE"},"timestamp":"2025-09-07 19:26:36"}
{"level":"info","message":{"action":"bill/list","details":{"count":1},"ip":"::1","method":"GET"},"timestamp":"2025-09-07 19:26:36"}
{"level":"info","message":{"action":"auth/login_success","details":{"role":"mother","username":"shalini"},"ip":"::1","method":"POST","userId":null},"timestamp":"2025-09-07 19:54:08"}
{"level":"info","message":{"action":"bill/list","details":{"count":2},"ip":"::1","method":"GET"},"timestamp":"2025-09-07 19:54:16"}
{"level":"info","message":{"action":"feedback/created","details":{"hospitalName":"random hospital","rating":"3"},"ip":"::1","method":"POST"},"timestamp":"2025-09-07 19:54:43"}
{"level":"info","message":{"action":"auth/logout_success","details":{},"ip":"::1","method":"GET","userId":null},"timestamp":"2025-09-07 19:58:56"}
{"level":"info","message":{"action":"auth/logout_success","details":{},"ip":"::1","method":"GET","userId":null},"timestamp":"2025-09-07 20:19:26"}
{"level":"info","message":{"action":"auth/login_success","details":{"role":"mother","username":"shalini"},"ip":"::1","method":"POST","userId":null},"timestamp":"2025-09-07 20:19:34"}
{"level":"info","message":{"action":"auth/logout_success","details":{},"ip":"::1","method":"GET","userId":null},"timestamp":"2025-09-07 20:19:37"}
{"level":"info","message":{"action":"auth/signup_success","details":{"email":"rajputkamini8860@gmail.com","username":"\"kamini\""},"ip":"::1","method":"POST","userId":null},"timestamp":"2025-09-10 22:46:06"}
{"level":"info","message":{"action":"auth/login_failed","details":{"username":"\"shalini\""},"ip":"::1","method":"POST","userId":null},"timestamp":"2025-09-10 23:14:50"}
{"level":"info","message":{"action":"auth/login_success","details":{"role":"mother","username":"shalini"},"ip":"::1","method":"POST","userId":null},"timestamp":"2025-09-10 23:17:01"}
{"level":"info","message":{"action":"auth/login_success","details":{"role":"mother","username":"shalini"},"ip":"::1","method":"POST","userId":null},"timestamp":"2025-09-10 23:21:12"}
{"level":"info","message":{"action":"auth/login_success","details":{"role":"mother","username":"shalini"},"ip":"::1","method":"POST","userId":null},"timestamp":"2025-09-10 23:21:43"}
{"level":"info","message":{"action":"reports/view_list","details":{"count":5},"ip":"::1","method":"GET"},"timestamp":"2025-09-10 23:22:49"}
{"level":"info","message":{"action":"reports/view_list","details":{"count":5},"ip":"::1","method":"GET"},"timestamp":"2025-09-10 23:23:18"}
{"level":"info","message":{"action":"auth/login_success","details":{"role":"mother","username":"shalini"},"ip":"::1","method":"POST","userId":null},"timestamp":"2025-09-10 23:25:10"}
{"level":"info","message":{"action":"auth/login_success","details":{"role":"mother","username":"shalini"},"ip":"::1","method":"POST","userId":null},"timestamp":"2025-09-10 23:31:11"}
{"level":"info","message":{"action":"auth/login_success","details":{"role":"mother","username":"shalini"},"ip":"::1","method":"POST","userId":null},"timestamp":"2025-09-11 00:16:37"}
{"level":"info","message":{"action":"reports/view_list","details":{"count":5},"ip":"::1","method":"GET"},"timestamp":"2025-09-11 00:17:09"}
{"level":"info","message":{"action":"reports/view_list","details":{"count":5},"ip":"::1","method":"GET"},"timestamp":"2025-09-11 00:17:58"}
{"level":"info","message":{"action":"auth/login_success","details":{"role":"mother","username":"shalini"},"ip":"::1","method":"POST","userId":null},"timestamp":"2025-09-11 00:21:01"}
{"level":"info","message":{"action":"auth/login_success","details":{"role":"mother","username":"shalini"},"ip":"::1","method":"POST","userId":null},"timestamp":"2025-09-11 00:27:06"}
{"level":"info","message":{"action":"auth/login_success","details":{"role":"mother","username":"shalini"},"ip":"::1","method":"POST","userId":null},"timestamp":"2025-09-11 00:48:58"}
{"level":"info","message":{"action":"auth/login_success","details":{"role":"mother","username":"shalini"},"ip":"::1","method":"POST","userId":null},"timestamp":"2025-09-11 00:52:03"}
{"level":"info","message":{"action":"reports/view_list","details":{"count":5},"ip":"::1","method":"GET"},"timestamp":"2025-09-11 01:03:38"}
{"level":"info","message":{"action":"reports/view_list","details":{"count":5},"ip":"::1","method":"GET"},"timestamp":"2025-09-11 01:04:12"}
{"level":"info","message":{"action":"reports/view_list","details":{"count":5},"ip":"::1","method":"GET"},"timestamp":"2025-09-11 01:04:21"}
{"level":"info","message":{"action":"reports/view_list","details":{"count":5},"ip":"::1","method":"GET"},"timestamp":"2025-09-11 01:05:32"}
{"level":"info","message":{"action":"reports/view_list","details":{"count":5},"ip":"::1","method":"GET"},"timestamp":"2025-09-11 01:06:54"}
{"level":"info","message":{"action":"auth/login_success","details":{"role":"mother","username":"shalini"},"ip":"::1","method":"POST","userId":null},"timestamp":"2025-09-11 01:35:44"}
{"level":"info","message":{"action":"auth/login_success","details":{"role":"mother","username":"shalini"},"ip":"::1","method":"POST","userId":null},"timestamp":"2025-09-11 01:37:07"}
{"level":"info","message":{"action":"bill/list","details":{"count":3},"ip":"::1","method":"GET"},"timestamp":"2025-09-11 01:37:13"}
{"level":"info","message":{"action":"bill/view","details":{"billId":"68c003acef97ac82f9db7904","totalAmount":0},"ip":"::1","method":"GET"},"timestamp":"2025-09-11 01:37:15"}
{"level":"info","message":{"action":"bill/list","details":{"count":3},"ip":"::1","method":"GET"},"timestamp":"2025-09-11 01:37:24"}
{"level":"info","message":{"action":"bill/list","details":{"count":3},"ip":"::1","method":"GET"},"timestamp":"2025-09-11 01:40:16"}
{"level":"info","message":{"action":"bill/list","details":{"count":3},"ip":"::1","method":"GET"},"timestamp":"2025-09-11 01:44:21"}
{"level":"info","message":{"action":"auth/login_success","details":{"role":"mother","username":"shalini"},"ip":"::1","method":"POST","userId":null},"timestamp":"2025-09-11 12:33:48"}
{"level":"info","message":{"action":"bill/list","details":{"count":3},"ip":"::1","method":"GET"},"timestamp":"2025-09-11 12:33:52"}
{"level":"info","message":{"action":"auth/login_success","details":{"role":"mother","username":"shalini"},"ip":"::1","method":"POST","userId":null},"timestamp":"2025-09-11 12:50:46"}
{"level":"info","message":{"action":"bill/list","details":{"count":3},"ip":"::1","method":"GET"},"timestamp":"2025-09-11 12:50:51"}
{"level":"info","message":{"action":"auth/login_success","details":{"role":"mother","username":"shalini"},"ip":"::1","method":"POST","userId":null},"timestamp":"2025-09-11 13:16:07"}
{"level":"info","message":{"action":"reports/view_list","details":{"count":5},"ip":"::1","method":"GET"},"timestamp":"2025-09-11 13:16:17"}
{"level":"info","message":{"action":"reports/view","details":{"reportId":"689854624ee2705fdfd15e55","title":"jdnsji"},"ip":"::1","method":"GET"},"timestamp":"2025-09-11 13:16:19"}
{"level":"info","message":{"action":"auth/login_success","details":{"role":"mother","username":"shalini"},"ip":"::1","method":"POST","userId":null},"timestamp":"2025-09-11 14:14:12"}
{"level":"info","message":{"action":"auth/login_success","details":{"role":"mother","username":"shalini"},"ip":"::1","method":"POST","userId":null},"timestamp":"2025-09-11 14:18:46"}
{"level":"info","message":{"action":"auth/login_success","details":{"role":"mother","username":"shalini"},"ip":"::1","method":"POST","userId":null},"timestamp":"2025-09-11 14:19:01"}
{"level":"info","message":{"action":"auth/login_success","details":{"role":"mother","username":"shalini"},"ip":"::1","method":"POST","userId":null},"timestamp":"2025-09-11 14:19:43"}
{"level":"info","message":{"action":"reports/view_list","details":{"count":5},"ip":"::1","method":"GET"},"timestamp":"2025-09-11 14:19:46"}
{"level":"info","message":{"action":"bill/list","details":{"count":3},"ip":"::1","method":"GET"},"timestamp":"2025-09-11 14:27:24"}
{"level":"info","message":{"action":"bill/list","details":{"count":3},"ip":"::1","method":"GET"},"timestamp":"2025-09-11 14:32:07"}
{"level":"info","message":{"action":"bill/view","details":{"billId":"68c003acef97ac82f9db7904","totalAmount":0},"ip":"::1","method":"GET"},"timestamp":"2025-09-11 14:32:09"}
{"level":"info","message":{"action":"bill/list","details":{"count":3},"ip":"::1","method":"GET"},"timestamp":"2025-09-11 14:32:59"}
{"level":"info","message":{"action":"bill/list","details":{"count":3},"ip":"::1","method":"GET"},"timestamp":"2025-09-11 14:48:26"}
{"level":"info","message":{"action":"auth/login_success","details":{"role":"mother","username":"shalini"},"ip":"::1","method":"POST","userId":null},"timestamp":"2025-09-11 14:53:21"}
{"level":"info","message":{"action":"bill/list","details":{"count":3},"ip":"::1","method":"GET"},"timestamp":"2025-09-11 14:53:24"}
{"level":"info","message":{"action":"reports/view_list","details":{"count":5},"ip":"::1","method":"GET"},"timestamp":"2025-09-11 14:58:20"}
{"level":"info","message":{"action":"reports/create","details":{"reportId":"68c2964203dcdaa004a9ba1f","title":"hi"},"ip":"::1","method":"POST"},"timestamp":"2025-09-11 14:58:34"}
{"level":"info","message":{"action":"reports/view_list","details":{"count":6},"ip":"::1","method":"GET"},"timestamp":"2025-09-11 14:58:34"}
{"level":"info","message":{"action":"reports/view","details":{"reportId":"68c2964203dcdaa004a9ba1f","title":"hi"},"ip":"::1","method":"GET"},"timestamp":"2025-09-11 14:58:53"}
{"level":"info","message":{"action":"auth/logout_success","details":{},"ip":"::1","method":"GET","userId":null},"timestamp":"2025-09-11 14:58:57"}
{"level":"info","message":{"action":"auth/login_success","details":{"role":"admin","username":"admin"},"ip":"::1","method":"POST","userId":null},"timestamp":"2025-09-11 14:59:14"}
{"level":"info","message":{"action":"reports/view","details":{"reportId":"68c2964203dcdaa004a9ba1f","title":"hi"},"ip":"::1","method":"GET"},"timestamp":"2025-09-11 14:59:23"}
{"level":"info","message":{"action":"reports/delete","details":{"reportId":"68c2964203dcdaa004a9ba1f","title":"hi"},"ip":"::1","method":"DELETE"},"timestamp":"2025-09-11 14:59:25"}
{"level":"info","message":{"action":"reports/generate_pdf","details":{"reportId":"68c2964203dcdaa004a9ba1f"},"ip":"::1","method":"GET"},"timestamp":"2025-09-11 14:59:33"}
{"level":"info","message":{"action":"reports/view_list","details":{"count":0},"ip":"::1","method":"GET"},"timestamp":"2025-09-11 15:00:17"}
{"level":"info","message":{"action":"reports/view_list","details":{"count":0},"ip":"::1","method":"GET"},"timestamp":"2025-09-11 15:00:21"}
{"level":"info","message":{"action":"medicalHistory/updated","details":{"id":"68af4b764df382d1e55659fd"},"ip":"::1","method":"GET"},"timestamp":"2025-09-11 15:00:41"}
{"level":"info","message":{"action":"medicalHistory/updated","details":{"id":"68af4b764df382d1e55659fd"},"ip":"::1","method":"GET"},"timestamp":"2025-09-11 15:00:52"}
{"level":"info","message":{"action":"medicalHistory/updated","details":{"id":"68af4b764df382d1e55659fd"},"ip":"::1","method":"PUT"},"timestamp":"2025-09-11 15:01:06"}
{"level":"info","message":{"action":"medicalHistory/updated","details":{"id":"68af4b764df382d1e55659fd"},"ip":"::1","method":"GET"},"timestamp":"2025-09-11 15:01:27"}
{"level":"info","message":{"action":"reports/view","details":{"reportId":"6895ea7a3bbb00aa8f340684","title":"hdiidid"},"ip":"::1","method":"GET"},"timestamp":"2025-09-11 15:02:20"}
{"level":"info","message":{"action":"reports/generate_pdf","details":{"reportId":"6895ea7a3bbb00aa8f340684"},"ip":"::1","method":"GET"},"timestamp":"2025-09-11 15:02:22"}
{"level":"info","message":{"action":"reports/print_view","details":{"reportId":"6895ea7a3bbb00aa8f340684","title":"hdiidid"},"ip":"::1","method":"GET"},"timestamp":"2025-09-11 15:02:23"}
{"level":"info","message":{"action":"bill/upload","details":{"billId":"68c2989966a36825d98e8aac","patientName":"Unknown","totalAmount":0},"ip":"::1","method":"POST"},"timestamp":"2025-09-11 15:08:33"}
{"level":"info","message":{"action":"bill/list","details":{"count":1},"ip":"::1","method":"GET"},"timestamp":"2025-09-11 15:08:33"}
{"level":"info","message":{"action":"auth/logout_success","details":{},"ip":"::1","method":"GET","userId":null},"timestamp":"2025-09-11 15:08:51"}
{"level":"info","message":{"action":"auth/login_success","details":{"role":"mother","username":"shalini"},"ip":"::1","method":"POST","userId":null},"timestamp":"2025-09-11 15:08:59"}
{"level":"info","message":{"action":"bill/list","details":{"count":3},"ip":"::1","method":"GET"},"timestamp":"2025-09-11 15:09:03"}
{"level":"info","message":{"action":"bill/list","details":{"count":3},"ip":"::1","method":"GET"},"timestamp":"2025-09-11 15:09:43"}
{"level":"info","message":{"action":"bill/upload","details":{"billId":"68c299046c0c182c6ba3d93d","patientName":"Unknown","totalAmount":0},"ip":"::1","method":"POST"},"timestamp":"2025-09-11 15:10:20"}
{"level":"info","message":{"action":"bill/list","details":{"count":4},"ip":"::1","method":"GET"},"timestamp":"2025-09-11 15:10:20"}
{"level":"info","message":{"action":"bill/view","details":{"billId":"68c299046c0c182c6ba3d93d","totalAmount":0},"ip":"::1","method":"GET"},"timestamp":"2025-09-11 15:10:24"}
{"level":"info","message":{"action":"bill/delete","details":{"billId":"68c299046c0c182c6ba3d93d"},"ip":"::1","method":"DELETE"},"timestamp":"2025-09-11 15:10:34"}
{"level":"info","message":{"action":"bill/list","details":{"count":3},"ip":"::1","method":"GET"},"timestamp":"2025-09-11 15:10:34"}
{"level":"info","message":{"action":"bill/delete","details":{"billId":"68c003acef97ac82f9db7904"},"ip":"::1","method":"DELETE"},"timestamp":"2025-09-11 15:10:35"}
{"level":"info","message":{"action":"bill/list","details":{"count":2},"ip":"::1","method":"GET"},"timestamp":"2025-09-11 15:10:35"}
{"level":"info","message":{"action":"auth/logout_success","details":{},"ip":"::1","method":"GET","userId":null},"timestamp":"2025-09-11 15:10:38"}
{"level":"info","message":{"action":"auth/login_success","details":{"role":"mother","username":"user1"},"ip":"::1","method":"POST","userId":null},"timestamp":"2025-09-11 15:11:09"}
{"level":"info","message":{"action":"bill/list","details":{"count":0},"ip":"::1","method":"GET"},"timestamp":"2025-09-11 15:11:12"}
{"level":"info","message":{"action":"bill/upload","details":{"billId":"68c299496c0c182c6ba3d95c","patientName":"Unknown","totalAmount":0},"ip":"::1","method":"POST"},"timestamp":"2025-09-11 15:11:30"}
{"level":"info","message":{"action":"bill/list","details":{"count":1},"ip":"::1","method":"GET"},"timestamp":"2025-09-11 15:11:30"}
{"level":"info","message":{"action":"bill/view","details":{"billId":"68c299496c0c182c6ba3d95c","totalAmount":0},"ip":"::1","method":"GET"},"timestamp":"2025-09-11 15:11:33"}
{"level":"info","message":{"action":"bill/list","details":{"count":1},"ip":"::1","method":"GET"},"timestamp":"2025-09-11 15:11:36"}
{"level":"info","message":{"action":"reports/view_list","details":{"count":0},"ip":"::1","method":"GET"},"timestamp":"2025-09-11 15:15:01"}
{"level":"info","message":{"action":"bill/list","details":{"count":1},"ip":"::1","method":"GET"},"timestamp":"2025-09-11 15:16:06"}
{"level":"info","message":{"action":"bill/list","details":{"count":1},"ip":"::1","method":"GET"},"timestamp":"2025-09-11 15:16:09"}
{"level":"info","message":{"action":"reports/view_list","details":{"count":0},"ip":"::1","method":"GET"},"timestamp":"2025-09-11 15:16:14"}
{"level":"info","message":{"action":"auth/login_success","details":{"role":"caregiver","username":"shalini"},"ip":"::1","method":"POST","userId":null},"timestamp":"2025-09-11 15:50:20"}
{"level":"info","message":{"action":"auth/logout_success","details":{},"ip":"::1","method":"GET","userId":null},"timestamp":"2025-09-11 15:55:17"}
{"level":"info","message":{"action":"auth/login_success","details":{"role":"caregiver","username":"caregiver"},"ip":"::1","method":"POST","userId":null},"timestamp":"2025-09-11 15:55:36"}
{"level":"info","message":{"action":"auth/logout_success","details":{},"ip":"::1","method":"GET","userId":null},"timestamp":"2025-09-11 15:56:53"}
{"level":"info","message":{"action":"auth/role_mismatch","details":{"attemptedRole":"mother","username":"shalini"},"ip":"::1","method":"POST","userId":null},"timestamp":"2025-09-11 15:57:05"}
{"level":"info","message":{"action":"auth/signup_success","details":{"email":"admin@gmail.com","role":"mother","username":"admin"},"ip":"::1","method":"POST","userId":null},"timestamp":"2025-09-11 15:58:58"}
{"level":"info","message":{"action":"auth/role_mismatch","details":{"attemptedRole":"mother","username":"admin"},"ip":"::1","method":"POST","userId":null},"timestamp":"2025-09-11 15:59:59"}
{"level":"info","message":{"action":"auth/role_mismatch","details":{"attemptedRole":"admin","username":"admin"},"ip":"::1","method":"POST","userId":null},"timestamp":"2025-09-11 16:00:12"}
{"level":"info","message":{"action":"auth/role_mismatch","details":{"attemptedRole":"admin","username":"admin"},"ip":"::1","method":"POST","userId":null},"timestamp":"2025-09-11 16:00:32"}
{"level":"info","message":{"action":"auth/role_mismatch","details":{"attemptedRole":"admin","username":"admin"},"ip":"::1","method":"POST","userId":null},"timestamp":"2025-09-11 16:02:49"}
{"level":"info","message":{"action":"auth/login_success","details":{"role":"admin","username":"admin"},"ip":"::1","method":"POST","userId":null},"timestamp":"2025-09-11 16:03:59"}
{"level":"info","message":{"action":"auth/logout_success","details":{},"ip":"::1","method":"GET","userId":null},"timestamp":"2025-09-11 16:04:07"}
{"level":"info","message":{"action":"auth/signup_success","details":{"email":"mother@gmail.com","role":"mother","username":"mother"},"ip":"::1","method":"POST","userId":null},"timestamp":"2025-09-11 16:04:50"}
{"level":"info","message":{"action":"auth/signup_success","details":{"email":"caregiver@gmail.com","role":"caregiver","username":"caregiver"},"ip":"::1","method":"POST","userId":null},"timestamp":"2025-09-11 16:05:21"}
{"level":"info","message":{"action":"auth/signup_success","details":{"email":"doctor@gmail.com","role":"doctor","username":"doctor"},"ip":"::1","method":"POST","userId":null},"timestamp":"2025-09-11 16:05:57"}
{"level":"info","message":{"action":"auth/login_success","details":{"role":"admin","username":"admin"},"ip":"::1","method":"POST","userId":null},"timestamp":"2025-09-11 16:06:16"}
{"level":"info","message":{"action":"auth/logout_success","details":{},"ip":"::1","method":"GET","userId":null},"timestamp":"2025-09-11 16:13:19"}
{"level":"info","message":{"action":"auth/login_success","details":{"role":"mother","username":"mother"},"ip":"::1","method":"POST","userId":null},"timestamp":"2025-09-11 16:13:47"}
{"level":"info","message":{"action":"reports/view_list","details":{"count":0},"ip":"::1","method":"GET"},"timestamp":"2025-09-11 16:18:26"}
{"level":"info","message":{"action":"auth/logout_success","details":{},"ip":"::1","method":"GET","userId":null},"timestamp":"2025-09-11 16:18:33"}
{"level":"info","message":{"action":"auth/login_success","details":{"role":"admin","username":"admin"},"ip":"::1","method":"POST","userId":null},"timestamp":"2025-09-11 16:18:51"}
{"level":"info","message":{"action":"reports/view","details":{"reportId":"6895ea7a3bbb00aa8f340684","title":"hdiidid"},"ip":"::1","method":"GET"},"timestamp":"2025-09-11 16:18:55"}
{"level":"info","message":{"action":"reports/delete","details":{"reportId":"6895ea7a3bbb00aa8f340684","title":"hdiidid"},"ip":"::1","method":"DELETE"},"timestamp":"2025-09-11 16:19:00"}
{"level":"info","message":{"action":"auth/logout_success","details":{},"ip":"::1","method":"GET","userId":null},"timestamp":"2025-09-11 16:19:26"}
{"level":"info","message":{"action":"auth/login_success","details":{"role":"mother","username":"mother"},"ip":"::1","method":"POST","userId":null},"timestamp":"2025-09-11 16:19:40"}
{"level":"info","message":{"action":"reports/view_list","details":{"count":0},"ip":"::1","method":"GET"},"timestamp":"2025-09-11 16:22:29"}
{"level":"info","message":{"action":"reports/view_list","details":{"count":0},"ip":"::1","method":"GET"},"timestamp":"2025-09-11 16:26:04"}
{"level":"info","message":{"action":"reports/create","details":{"reportId":"68c2aadf859590e012ea3b6a","title":"blood test"},"ip":"::1","method":"POST"},"timestamp":"2025-09-11 16:26:31"}
{"level":"info","message":{"action":"reports/view_list","details":{"count":1},"ip":"::1","method":"GET"},"timestamp":"2025-09-11 16:26:31"}
{"level":"info","message":{"action":"auth/logout_success","details":{},"ip":"::1","method":"GET","userId":null},"timestamp":"2025-09-11 16:31:39"}
{"level":"info","message":{"action":"auth/login_success","details":{"role":"caregiver","username":"caregiver"},"ip":"::1","method":"POST","userId":null},"timestamp":"2025-09-11 16:31:58"}
{"level":"info","message":{"action":"reports/view_list","details":{"count":0},"ip":"::1","method":"GET"},"timestamp":"2025-09-11 16:32:18"}
{"level":"info","message":{"action":"auth/logout_success","details":{},"ip":"::1","method":"GET","userId":null},"timestamp":"2025-09-11 16:32:23"}
{"level":"info","message":{"action":"auth/login_success","details":{"role":"mother","username":"mother"},"ip":"::1","method":"POST","userId":null},"timestamp":"2025-09-11 16:32:42"}
{"level":"info","message":{"action":"bill/list","details":{"count":0},"ip":"::1","method":"GET"},"timestamp":"2025-09-11 16:32:46"}
{"level":"info","message":{"action":"bill/upload","details":{"billId":"68c2ac787d3a8aa9861d6d98","patientName":"Unknown","totalAmount":0},"ip":"::1","method":"POST"},"timestamp":"2025-09-11 16:33:20"}
{"level":"info","message":{"action":"bill/list","details":{"count":1},"ip":"::1","method":"GET"},"timestamp":"2025-09-11 16:33:20"}
{"level":"info","message":{"action":"auth/logout_success","details":{},"ip":"::1","method":"GET","userId":null},"timestamp":"2025-09-11 16:38:49"}
{"level":"info","message":{"action":"auth/signup_success","details":{"email":"baby@gmail.com","role":"baby","username":"baby"},"ip":"::1","method":"POST","userId":null},"timestamp":"2025-09-11 16:39:18"}
{"level":"info","message":{"action":"auth/login_success","details":{"role":"baby","username":"baby"},"ip":"::1","method":"POST","userId":null},"timestamp":"2025-09-11 16:39:35"}
{"level":"info","message":{"action":"auth/logout_success","details":{},"ip":"::1","method":"GET","userId":null},"timestamp":"2025-09-11 16:40:00"}
{"level":"info","message":{"action":"auth/login_success","details":{"role":"admin","username":"admin"},"ip":"::1","method":"POST","userId":null},"timestamp":"2025-09-11 16:40:23"}
{"level":"info","message":{"action":"auth/logout_success","details":{},"ip":"::1","method":"GET","userId":null},"timestamp":"2025-09-11 16:40:53"}
{"level":"info","message":{"action":"auth/login_success","details":{"role":"mother","username":"mother"},"ip":"::1","method":"POST","userId":null},"timestamp":"2025-09-11 16:41:21"}
{"level":"info","message":{"action":"medicalHistory/created","details":{"bloodType":"AB+","id":"68c2af00507ca26c4ecf968d"},"ip":"::1","method":"POST"},"timestamp":"2025-09-11 16:44:09"}
{"level":"info","message":{"action":"medicalHistory/pdf_generated","details":{"id":"68c2af00507ca26c4ecf968d"},"ip":"::1","method":"GET"},"timestamp":"2025-09-11 16:45:03"}
{"level":"info","message":{"action":"bill/list","details":{"count":1},"ip":"::1","method":"GET"},"timestamp":"2025-09-11 16:45:15"}
{"level":"info","message":{"action":"bill/view","details":{"billId":"68c2ac787d3a8aa9861d6d98","totalAmount":0},"ip":"::1","method":"GET"},"timestamp":"2025-09-11 16:45:18"}
{"level":"info","message":{"action":"reports/view_list","details":{"count":1},"ip":"::1","method":"GET"},"timestamp":"2025-09-11 16:45:27"}
{"level":"info","message":{"action":"reports/view_list","details":{"count":1},"ip":"::1","method":"GET"},"timestamp":"2025-09-11 16:47:28"}
{"level":"info","message":{"action":"reports/view_list","details":{"count":1},"ip":"::1","method":"GET"},"timestamp":"2025-09-11 16:47:29"}
{"level":"info","message":{"action":"reports/view","details":{"reportId":"68c2aadf859590e012ea3b6a","title":"blood test"},"ip":"::1","method":"GET"},"timestamp":"2025-09-11 16:47:31"}
{"level":"info","message":{"action":"auth/logout_success","details":{},"ip":"::1","method":"GET","userId":null},"timestamp":"2025-09-11 16:47:59"}
{"level":"info","message":{"action":"auth/login_success","details":{"role":"admin","username":"admin"},"ip":"::1","method":"POST","userId":null},"timestamp":"2025-09-11 16:48:17"}
{"level":"info","message":{"action":"auth/logout_success","details":{},"ip":"::1","method":"GET","userId":null},"timestamp":"2025-09-11 16:57:25"}
{"level":"info","message":{"action":"auth/login_success","details":{"role":"mother","username":"mother"},"ip":"::1","method":"POST","userId":null},"timestamp":"2025-09-11 16:57:40"}
{"level":"info","message":{"action":"auth/logout_success","details":{},"ip":"::1","method":"GET","userId":null},"timestamp":"2025-09-11 17:00:02"}
{"level":"info","message":{"action":"auth/login_success","details":{"role":"admin","username":"admin"},"ip":"::1","method":"POST","userId":null},"timestamp":"2025-09-11 17:00:15"}
{"level":"info","message":{"action":"medicalHistory/deleted","details":{"id":"68af4b764df382d1e55659fd"},"ip":"::1","method":"DELETE"},"timestamp":"2025-09-11 17:12:54"}
{"level":"info","message":{"action":"reports/view","details":{"reportId":"689854624ee2705fdfd15e55","title":"jdnsji"},"ip":"::1","method":"GET"},"timestamp":"2025-09-11 17:13:02"}
{"level":"info","message":{"action":"reports/delete","details":{"reportId":"689854624ee2705fdfd15e55","title":"jdnsji"},"ip":"::1","method":"DELETE"},"timestamp":"2025-09-11 17:13:05"}
{"level":"info","message":{"action":"bill/list","details":{"count":0},"ip":"::1","method":"GET"},"timestamp":"2025-09-11 17:14:53"}
{"level":"info","message":{"action":"bill/upload","details":{"billId":"68c2b64d3a79c367a4f06f3b","patientName":"Unknown","totalAmount":0},"ip":"::1","method":"POST"},"timestamp":"2025-09-11 17:15:17"}
{"level":"info","message":{"action":"bill/list","details":{"count":1},"ip":"::1","method":"GET"},"timestamp":"2025-09-11 17:15:17"}
{"level":"info","message":{"action":"feedback/view","details":{"feedbackCount":8,"hospitalStatsCount":5},"ip":"::1","method":"GET"},"timestamp":"2025-09-11 17:15:57"}
